<?xml version="1.0" encoding="UTF-8"?>
<testsuite name="com.ssaju.expensemanager.ExpensemanagerApplicationTests" tests="1" skipped="0" failures="0" errors="0" timestamp="2017-02-07T23:08:12" hostname="localhost" time="0.028">
  <properties/>
  <testcase name="contextLoads" classname="com.ssaju.expensemanager.ExpensemanagerApplicationTests" time="0.028"/>
  <system-out><![CDATA[15:08:11.297 [Test worker] DEBUG org.springframework.test.context.junit4.SpringJUnit4ClassRunner - SpringJUnit4ClassRunner constructor called with [class com.ssaju.expensemanager.ExpensemanagerApplicationTests]
15:08:11.300 [Test worker] DEBUG org.springframework.test.context.BootstrapUtils - Instantiating CacheAwareContextLoaderDelegate from class [org.springframework.test.context.cache.DefaultCacheAwareContextLoaderDelegate]
15:08:11.305 [Test worker] DEBUG org.springframework.test.context.BootstrapUtils - Instantiating BootstrapContext using constructor [public org.springframework.test.context.support.DefaultBootstrapContext(java.lang.Class,org.springframework.test.context.CacheAwareContextLoaderDelegate)]
15:08:11.315 [Test worker] DEBUG org.springframework.test.context.BootstrapUtils - Instantiating TestContextBootstrapper for test class [com.ssaju.expensemanager.ExpensemanagerApplicationTests] from class [org.springframework.boot.test.context.SpringBootTestContextBootstrapper]
15:08:11.324 [Test worker] INFO org.springframework.boot.test.context.SpringBootTestContextBootstrapper - Neither @ContextConfiguration nor @ContextHierarchy found for test class [com.ssaju.expensemanager.ExpensemanagerApplicationTests], using SpringBootContextLoader
15:08:11.326 [Test worker] DEBUG org.springframework.test.context.support.AbstractContextLoader - Did not detect default resource location for test class [com.ssaju.expensemanager.ExpensemanagerApplicationTests]: class path resource [com/ssaju/expensemanager/ExpensemanagerApplicationTests-context.xml] does not exist
15:08:11.327 [Test worker] DEBUG org.springframework.test.context.support.AbstractContextLoader - Did not detect default resource location for test class [com.ssaju.expensemanager.ExpensemanagerApplicationTests]: class path resource [com/ssaju/expensemanager/ExpensemanagerApplicationTestsContext.groovy] does not exist
15:08:11.327 [Test worker] INFO org.springframework.test.context.support.AbstractContextLoader - Could not detect default resource locations for test class [com.ssaju.expensemanager.ExpensemanagerApplicationTests]: no resource found for suffixes {-context.xml, Context.groovy}.
15:08:11.327 [Test worker] INFO org.springframework.test.context.support.AnnotationConfigContextLoaderUtils - Could not detect default configuration classes for test class [com.ssaju.expensemanager.ExpensemanagerApplicationTests]: ExpensemanagerApplicationTests does not declare any static, non-private, non-final, nested classes annotated with @Configuration.
15:08:11.351 [Test worker] DEBUG org.springframework.test.context.support.ActiveProfilesUtils - Could not find an 'annotation declaring class' for annotation type [org.springframework.test.context.ActiveProfiles] and class [com.ssaju.expensemanager.ExpensemanagerApplicationTests]
15:08:11.357 [Test worker] DEBUG org.springframework.core.env.StandardEnvironment - Adding [systemProperties] PropertySource with lowest search precedence
15:08:11.357 [Test worker] DEBUG org.springframework.core.env.StandardEnvironment - Adding [systemEnvironment] PropertySource with lowest search precedence
15:08:11.358 [Test worker] DEBUG org.springframework.core.env.StandardEnvironment - Initialized StandardEnvironment with PropertySources [systemProperties,systemEnvironment]
15:08:11.364 [Test worker] DEBUG org.springframework.core.io.support.PathMatchingResourcePatternResolver - Resolved classpath location [com/ssaju/expensemanager/] to resources [URL [file:/Users/Shared/Development/NikeBuild/nikeDev/Personal/expensemanager/build/classes/test/com/ssaju/expensemanager/], URL [file:/Users/Shared/Development/NikeBuild/nikeDev/Personal/expensemanager/build/classes/main/com/ssaju/expensemanager/]]
15:08:11.365 [Test worker] DEBUG org.springframework.core.io.support.PathMatchingResourcePatternResolver - Looking for matching resources in directory tree [/Users/Shared/Development/NikeBuild/nikeDev/Personal/expensemanager/build/classes/test/com/ssaju/expensemanager]
15:08:11.365 [Test worker] DEBUG org.springframework.core.io.support.PathMatchingResourcePatternResolver - Searching directory [/Users/Shared/Development/NikeBuild/nikeDev/Personal/expensemanager/build/classes/test/com/ssaju/expensemanager] for files matching pattern [/Users/Shared/Development/NikeBuild/nikeDev/Personal/expensemanager/build/classes/test/com/ssaju/expensemanager/*.class]
15:08:11.367 [Test worker] DEBUG org.springframework.core.io.support.PathMatchingResourcePatternResolver - Looking for matching resources in directory tree [/Users/Shared/Development/NikeBuild/nikeDev/Personal/expensemanager/build/classes/main/com/ssaju/expensemanager]
15:08:11.367 [Test worker] DEBUG org.springframework.core.io.support.PathMatchingResourcePatternResolver - Searching directory [/Users/Shared/Development/NikeBuild/nikeDev/Personal/expensemanager/build/classes/main/com/ssaju/expensemanager] for files matching pattern [/Users/Shared/Development/NikeBuild/nikeDev/Personal/expensemanager/build/classes/main/com/ssaju/expensemanager/*.class]
15:08:11.368 [Test worker] DEBUG org.springframework.core.io.support.PathMatchingResourcePatternResolver - Resolved location pattern [classpath*:com/ssaju/expensemanager/*.class] to resources [file [/Users/Shared/Development/NikeBuild/nikeDev/Personal/expensemanager/build/classes/test/com/ssaju/expensemanager/ExpensemanagerApplicationTests.class], file [/Users/Shared/Development/NikeBuild/nikeDev/Personal/expensemanager/build/classes/main/com/ssaju/expensemanager/Application.class]]
15:08:11.403 [Test worker] DEBUG org.springframework.context.annotation.ClassPathScanningCandidateComponentProvider - Identified candidate component class: file [/Users/Shared/Development/NikeBuild/nikeDev/Personal/expensemanager/build/classes/main/com/ssaju/expensemanager/Application.class]
15:08:11.404 [Test worker] INFO org.springframework.boot.test.context.SpringBootTestContextBootstrapper - Found @SpringBootConfiguration com.ssaju.expensemanager.Application for test class com.ssaju.expensemanager.ExpensemanagerApplicationTests
15:08:11.406 [Test worker] DEBUG org.springframework.boot.test.context.SpringBootTestContextBootstrapper - @TestExecutionListeners is not present for class [com.ssaju.expensemanager.ExpensemanagerApplicationTests]: using defaults.
15:08:11.409 [Test worker] INFO org.springframework.boot.test.context.SpringBootTestContextBootstrapper - Loaded default TestExecutionListener class names from location [META-INF/spring.factories]: [org.springframework.boot.test.mock.mockito.MockitoTestExecutionListener, org.springframework.boot.test.mock.mockito.ResetMocksTestExecutionListener, org.springframework.boot.test.autoconfigure.restdocs.RestDocsTestExecutionListener, org.springframework.boot.test.autoconfigure.web.client.MockRestServiceServerResetTestExecutionListener, org.springframework.boot.test.autoconfigure.web.servlet.MockMvcPrintOnlyOnFailureTestExecutionListener, org.springframework.boot.test.autoconfigure.web.servlet.WebDriverTestExecutionListener, org.springframework.test.context.web.ServletTestExecutionListener, org.springframework.test.context.support.DirtiesContextBeforeModesTestExecutionListener, org.springframework.test.context.support.DependencyInjectionTestExecutionListener, org.springframework.test.context.support.DirtiesContextTestExecutionListener, org.springframework.test.context.transaction.TransactionalTestExecutionListener, org.springframework.test.context.jdbc.SqlScriptsTestExecutionListener]
15:08:11.418 [Test worker] INFO org.springframework.boot.test.context.SpringBootTestContextBootstrapper - Could not instantiate TestExecutionListener [org.springframework.test.context.jdbc.SqlScriptsTestExecutionListener]. Specify custom listener classes or make the default listener classes (and their required dependencies) available. Offending class: [org/springframework/transaction/interceptor/TransactionAttribute]
15:08:11.418 [Test worker] INFO org.springframework.boot.test.context.SpringBootTestContextBootstrapper - Could not instantiate TestExecutionListener [org.springframework.test.context.transaction.TransactionalTestExecutionListener]. Specify custom listener classes or make the default listener classes (and their required dependencies) available. Offending class: [org/springframework/transaction/interceptor/TransactionAttributeSource]
15:08:11.418 [Test worker] INFO org.springframework.boot.test.context.SpringBootTestContextBootstrapper - Using TestExecutionListeners: [org.springframework.test.context.web.ServletTestExecutionListener@769dd91b, org.springframework.test.context.support.DirtiesContextBeforeModesTestExecutionListener@117e00bc, org.springframework.boot.test.autoconfigure.SpringBootDependencyInjectionTestExecutionListener@66715639, org.springframework.test.context.support.DirtiesContextTestExecutionListener@47c41afa, org.springframework.boot.test.autoconfigure.web.servlet.WebDriverTestExecutionListener@5f094618, org.springframework.boot.test.mock.mockito.ResetMocksTestExecutionListener@3e93c6a5, org.springframework.boot.test.autoconfigure.web.servlet.MockMvcPrintOnlyOnFailureTestExecutionListener@52bf9fd0, org.springframework.boot.test.autoconfigure.restdocs.RestDocsTestExecutionListener@35cb5cb7, org.springframework.boot.test.mock.mockito.MockitoTestExecutionListener@2067f590, org.springframework.boot.test.autoconfigure.web.client.MockRestServiceServerResetTestExecutionListener@61b9d7]
15:08:11.420 [Test worker] DEBUG org.springframework.test.annotation.ProfileValueUtils - Retrieved @ProfileValueSourceConfiguration [null] for test class [com.ssaju.expensemanager.ExpensemanagerApplicationTests]
15:08:11.421 [Test worker] DEBUG org.springframework.test.annotation.ProfileValueUtils - Retrieved ProfileValueSource type [class org.springframework.test.annotation.SystemProfileValueSource] for class [com.ssaju.expensemanager.ExpensemanagerApplicationTests]
15:08:11.421 [Test worker] DEBUG org.springframework.test.annotation.ProfileValueUtils - Retrieved @ProfileValueSourceConfiguration [null] for test class [com.ssaju.expensemanager.ExpensemanagerApplicationTests]
15:08:11.421 [Test worker] DEBUG org.springframework.test.annotation.ProfileValueUtils - Retrieved ProfileValueSource type [class org.springframework.test.annotation.SystemProfileValueSource] for class [com.ssaju.expensemanager.ExpensemanagerApplicationTests]
15:08:11.424 [Test worker] DEBUG org.springframework.test.context.support.AbstractDirtiesContextTestExecutionListener - Before test class: context [DefaultTestContext@4d8b061d testClass = ExpensemanagerApplicationTests, testInstance = [null], testMethod = [null], testException = [null], mergedContextConfiguration = [WebMergedContextConfiguration@1f4677a testClass = ExpensemanagerApplicationTests, locations = '{}', classes = '{class com.ssaju.expensemanager.Application}', contextInitializerClasses = '[]', activeProfiles = '{}', propertySourceLocations = '{}', propertySourceProperties = '{org.springframework.boot.test.context.SpringBootTestContextBootstrapper=true}', contextCustomizers = set[org.springframework.boot.test.context.SpringBootTestContextCustomizer@f9d2397, org.springframework.boot.test.context.filter.ExcludeFilterContextCustomizer@53aeb0da, org.springframework.boot.test.mock.mockito.MockitoContextCustomizer@0, org.springframework.boot.test.autoconfigure.properties.PropertyMappingContextCustomizer@0, org.springframework.boot.test.autoconfigure.web.servlet.WebDriverContextCustomizerFactory$Customizer@17e1f428], resourceBasePath = 'src/main/webapp', contextLoader = 'org.springframework.boot.test.context.SpringBootContextLoader', parent = [null]]], class annotated with @DirtiesContext [false] with mode [null].
15:08:11.425 [Test worker] DEBUG org.springframework.test.annotation.ProfileValueUtils - Retrieved @ProfileValueSourceConfiguration [null] for test class [com.ssaju.expensemanager.ExpensemanagerApplicationTests]
15:08:11.425 [Test worker] DEBUG org.springframework.test.annotation.ProfileValueUtils - Retrieved ProfileValueSource type [class org.springframework.test.annotation.SystemProfileValueSource] for class [com.ssaju.expensemanager.ExpensemanagerApplicationTests]
15:08:11.465 [Test worker] DEBUG org.springframework.core.env.StandardEnvironment - Adding [systemProperties] PropertySource with lowest search precedence
15:08:11.465 [Test worker] DEBUG org.springframework.core.env.StandardEnvironment - Adding [systemEnvironment] PropertySource with lowest search precedence
15:08:11.465 [Test worker] DEBUG org.springframework.core.env.StandardEnvironment - Initialized StandardEnvironment with PropertySources [systemProperties,systemEnvironment]
15:08:11.466 [Test worker] DEBUG org.springframework.core.env.MutablePropertySources - Adding [inline] PropertySource with highest search precedence
15:08:11.469 [Test worker] DEBUG org.springframework.test.context.support.TestPropertySourceUtils - Adding inlined properties to environment: {spring.jmx.enabled=false, org.springframework.boot.test.context.SpringBootTestContextBootstrapper=true, server.port=-1}
15:08:11.470 [Test worker] DEBUG org.springframework.core.env.StandardEnvironment - Adding [Inlined Test Properties] PropertySource with highest search precedence

  .   ____          _            __ _ _
 /\\ / ___'_ __ _ _(_)_ __  __ _ \ \ \ \
( ( )\___ | '_ | '_| | '_ \/ _` | \ \ \ \
 \\/  ___)| |_)| | | | | || (_| |  ) ) ) )
  '  |____| .__|_| |_|_| |_\__, | / / / /
 =========|_|==============|___/=/_/_/_/
 :: Spring Boot ::        (v1.5.1.RELEASE)

2017-02-07 15:08:11.650  INFO 8626 --- [    Test worker] c.s.e.ExpensemanagerApplicationTests     : Starting ExpensemanagerApplicationTests on localhost with PID 8626 (started by ssaju in /Users/Shared/Development/NikeBuild/nikeDev/Personal/expensemanager)
2017-02-07 15:08:11.651  INFO 8626 --- [    Test worker] c.s.e.ExpensemanagerApplicationTests     : No active profile set, falling back to default profiles: default
2017-02-07 15:08:11.676  INFO 8626 --- [    Test worker] o.s.w.c.s.GenericWebApplicationContext   : Refreshing org.springframework.web.context.support.GenericWebApplicationContext@7e4570bc: startup date [Tue Feb 07 15:08:11 PST 2017]; root of context hierarchy
2017-02-07 15:08:12.259  INFO 8626 --- [    Test worker] trationDelegate$BeanPostProcessorChecker : Bean 'org.springframework.boot.autoconfigure.validation.ValidationAutoConfiguration' of type [class org.springframework.boot.autoconfigure.validation.ValidationAutoConfiguration] is not eligible for getting processed by all BeanPostProcessors (for example: not eligible for auto-proxying)
2017-02-07 15:08:12.318  INFO 8626 --- [    Test worker] trationDelegate$BeanPostProcessorChecker : Bean 'validator' of type [class org.springframework.validation.beanvalidation.LocalValidatorFactoryBean] is not eligible for getting processed by all BeanPostProcessors (for example: not eligible for auto-proxying)
2017-02-07 15:08:12.671  INFO 8626 --- [    Test worker] s.w.s.m.m.a.RequestMappingHandlerAdapter : Looking for @ControllerAdvice: org.springframework.web.context.support.GenericWebApplicationContext@7e4570bc: startup date [Tue Feb 07 15:08:11 PST 2017]; root of context hierarchy
2017-02-07 15:08:12.723  INFO 8626 --- [    Test worker] s.w.s.m.m.a.RequestMappingHandlerMapping : Mapped "{[/expenseManager/expense/add],methods=[POST],consumes=[application/json],produces=[application/json]}" onto public org.springframework.http.ResponseEntity<com.ssaju.expensemanager.model.Expense> com.ssaju.expensemanager.controller.ExpenseController.add(com.ssaju.expensemanager.model.Expense)
2017-02-07 15:08:12.724  INFO 8626 --- [    Test worker] s.w.s.m.m.a.RequestMappingHandlerMapping : Mapped "{[/expenseManager/paymentMethod/add],methods=[POST],consumes=[application/json],produces=[application/json]}" onto public com.ssaju.expensemanager.model.PaymentMethod com.ssaju.expensemanager.controller.PaymentMethodController.add(com.ssaju.expensemanager.model.PaymentMethod)
2017-02-07 15:08:12.725  INFO 8626 --- [    Test worker] s.w.s.m.m.a.RequestMappingHandlerMapping : Mapped "{[/expenseManager/report/period],methods=[POST],consumes=[application/json],produces=[application/json]}" onto public org.springframework.http.ResponseEntity<java.util.List<com.ssaju.expensemanager.model.Expense>> com.ssaju.expensemanager.controller.ReportController.getExpenses(com.ssaju.expensemanager.model.PeriodReportRequest)
2017-02-07 15:08:12.725  INFO 8626 --- [    Test worker] s.w.s.m.m.a.RequestMappingHandlerMapping : Mapped "{[/expenseManager/report/period/perType],methods=[POST],consumes=[application/json],produces=[application/json]}" onto public org.springframework.http.ResponseEntity<java.util.Map<java.lang.String, java.lang.Double>> com.ssaju.expensemanager.controller.ReportController.getExpensesByType(com.ssaju.expensemanager.model.PeriodReportRequest)
2017-02-07 15:08:12.726  INFO 8626 --- [    Test worker] s.w.s.m.m.a.RequestMappingHandlerMapping : Mapped "{[/expenseManager/report/period/perPaymentMethod],methods=[POST],consumes=[application/json],produces=[application/json]}" onto public org.springframework.http.ResponseEntity<java.util.Map<java.lang.String, java.lang.Double>> com.ssaju.expensemanager.controller.ReportController.getExpensesByPaymentMethod(com.ssaju.expensemanager.model.PeriodReportRequest)
2017-02-07 15:08:12.728  INFO 8626 --- [    Test worker] s.w.s.m.m.a.RequestMappingHandlerMapping : Mapped "{[/error]}" onto public org.springframework.http.ResponseEntity<java.util.Map<java.lang.String, java.lang.Object>> org.springframework.boot.autoconfigure.web.BasicErrorController.error(javax.servlet.http.HttpServletRequest)
2017-02-07 15:08:12.728  INFO 8626 --- [    Test worker] s.w.s.m.m.a.RequestMappingHandlerMapping : Mapped "{[/error],produces=[text/html]}" onto public org.springframework.web.servlet.ModelAndView org.springframework.boot.autoconfigure.web.BasicErrorController.errorHtml(javax.servlet.http.HttpServletRequest,javax.servlet.http.HttpServletResponse)
2017-02-07 15:08:12.752  INFO 8626 --- [    Test worker] o.s.w.s.handler.SimpleUrlHandlerMapping  : Mapped URL path [/webjars/**] onto handler of type [class org.springframework.web.servlet.resource.ResourceHttpRequestHandler]
2017-02-07 15:08:12.752  INFO 8626 --- [    Test worker] o.s.w.s.handler.SimpleUrlHandlerMapping  : Mapped URL path [/**] onto handler of type [class org.springframework.web.servlet.resource.ResourceHttpRequestHandler]
2017-02-07 15:08:12.780  INFO 8626 --- [    Test worker] o.s.w.s.handler.SimpleUrlHandlerMapping  : Mapped URL path [/**/favicon.ico] onto handler of type [class org.springframework.web.servlet.resource.ResourceHttpRequestHandler]
2017-02-07 15:08:12.913  INFO 8626 --- [    Test worker] c.s.e.ExpensemanagerApplicationTests     : Started ExpensemanagerApplicationTests in 1.437 seconds (JVM running for 2.049)
]]></system-out>
  <system-err><![CDATA[]]></system-err>
</testsuite>
